<?xml version="1.0" encoding="UTF-8"?>
<coverage generated="1589749539652" clover="3.2.0">
  <project timestamp="1589749539652" name="All files">
    <metrics statements="5" coveredstatements="5" conditionals="0" coveredconditionals="0" methods="6" coveredmethods="6" elements="11" coveredelements="11" complexity="0" loc="5" ncloc="5" packages="1" files="1" classes="1"/>
    <file name="juros.js" path="C:\Users\DELL\Documents\Projects\#0-Curso FULL STACK MASTER_2020\Aula 9 - Strings e Interpolação de Strings\exercises\juros.js">
      <metrics statements="5" coveredstatements="5" conditionals="0" coveredconditionals="0" methods="6" coveredmethods="6"/>
      <line num="9" count="1" type="stmt"/>
      <line num="16" count="2" type="stmt"/>
      <line num="23" count="1" type="stmt"/>
      <line num="31" count="2" type="stmt"/>
      <line num="33" count="1" type="stmt"/>
    </file>
  </project>
</coverage>
