{"C:\\Users\\DELL\\Documents\\Projects\\#0-Curso FULL STACK MASTER_2020\\Aula 9 - Strings e Interpolação de Strings\\exercises\\juros.js": {"path":"C:\\Users\\DELL\\Documents\\Projects\\#0-Curso FULL STACK MASTER_2020\\Aula 9 - Strings e Interpolação de Strings\\exercises\\juros.js","statementMap":{"0":{"start":{"line":9,"column":4},"end":{"line":9,"column":60}},"1":{"start":{"line":16,"column":22},"end":{"line":16,"column":82}},"2":{"start":{"line":16,"column":44},"end":{"line":16,"column":82}},"3":{"start":{"line":16,"column":57},"end":{"line":16,"column":82}},"4":{"start":{"line":23,"column":4},"end":{"line":23,"column":74}},"5":{"start":{"line":31,"column":23},"end":{"line":31,"column":103}},"6":{"start":{"line":31,"column":55},"end":{"line":31,"column":103}},"7":{"start":{"line":31,"column":68},"end":{"line":31,"column":103}},"8":{"start":{"line":33,"column":0},"end":{"line":42,"column":1}}},"fnMap":{"0":{"name":"jurosSimples","decl":{"start":{"line":8,"column":9},"end":{"line":8,"column":21}},"loc":{"start":{"line":8,"column":30},"end":{"line":10,"column":1}},"line":8},"1":{"name":"(anonymous_1)","decl":{"start":{"line":16,"column":22},"end":{"line":16,"column":23}},"loc":{"start":{"line":16,"column":44},"end":{"line":16,"column":82}},"line":16},"2":{"name":"(anonymous_2)","decl":{"start":{"line":16,"column":44},"end":{"line":16,"column":45}},"loc":{"start":{"line":16,"column":57},"end":{"line":16,"column":82}},"line":16},"3":{"name":"montanteJurosCompostos","decl":{"start":{"line":22,"column":9},"end":{"line":22,"column":31}},"loc":{"start":{"line":22,"column":41},"end":{"line":24,"column":1}},"line":22},"4":{"name":"(anonymous_4)","decl":{"start":{"line":31,"column":23},"end":{"line":31,"column":24}},"loc":{"start":{"line":31,"column":55},"end":{"line":31,"column":103}},"line":31},"5":{"name":"(anonymous_5)","decl":{"start":{"line":31,"column":55},"end":{"line":31,"column":56}},"loc":{"start":{"line":31,"column":68},"end":{"line":31,"column":103}},"line":31}},"branchMap":{},"s":{"0":1,"1":1,"2":2,"3":1,"4":1,"5":1,"6":2,"7":1,"8":1},"f":{"0":1,"1":2,"2":1,"3":1,"4":2,"5":1},"b":{},"_coverageSchema":"1a1c01bbd47fc00a2c39e90264f33305004495a9","hash":"cccf57cb68365e487821de4128e874b82da03f82"}
}
